<?xml version="1.0" encoding="UTF-8"?>
<!-- Generated by org.testng.reporters.JUnitXMLReporter -->
<testsuite ignored="4" hostname="DESKTOP-S4IOPEO" failures="1" tests="1" name="Test(failed)(failed)" time="0.079" errors="0" timestamp="2022-06-14T16:53:13 BST">
  <testcase classname="xmlStudy.MyTest" name="myMethod1" time="0.013">
    <failure type="java.lang.AssertionError" message="null">
      <![CDATA[java.lang.AssertionError: null
at xmlStudy.MyTest.myMethod1(MyTest.java:15)
at java.base/java.util.ArrayList.forEach(ArrayList.java:1511)
... Removed 29 stack frames]]>
    </failure>
  </testcase> <!-- myMethod1 -->
  <testcase classname="xmlStudy.MyTest" name="myMethod3" time="0.0">
    <ignored/>
  </testcase> <!-- myMethod3 -->
  <testcase classname="xmlStudy.MyTest" name="myMethod4" time="0.0">
    <ignored/>
  </testcase> <!-- myMethod4 -->
  <testcase classname="xmlStudy.MyTest" name="myMethod2" time="0.0">
    <ignored/>
  </testcase> <!-- myMethod2 -->
  <testcase classname="xmlStudy.MyTest" name="myMethod5" time="0.0">
    <ignored/>
  </testcase> <!-- myMethod5 -->
</testsuite> <!-- Test(failed)(failed) -->
