<?xml version="1.0" encoding="UTF-8"?>
<!-- Generated by org.testng.reporters.JUnitXMLReporter -->
<testsuite ignored="0" hostname="DESKTOP-S4IOPEO" failures="0" tests="4" name="Test" time="0.077" errors="0" timestamp="2022-06-22T23:01:30 BST">
  <testcase classname="testNGListener.PuneTest" name="Swargate" time="0.01"/>
  <testcase classname="testNGListener.PuneTest" name="shivajiNagar" time="0.002"/>
  <testcase classname="testNGListener.Mumbai" name="Sanpada" time="0.003"/>
  <testcase classname="testNGListener.Mumbai" name="ghanSoli" time="0.001"/>
</testsuite> <!-- Test -->
